<?xml version="1.0" encoding="UTF-8"?>
<coverage generated="1572360523">
  <project timestamp="1572360523">
    <package name="Thinktomorrow\Url\Exceptions">
      <file name="/Users/philippedamen/projects/url/src/Exceptions/InvalidUrl.php">
        <class name="Thinktomorrow\Url\Exceptions\InvalidUrl" namespace="Thinktomorrow\Url\Exceptions">
          <metrics complexity="0" methods="0" coveredmethods="0" conditionals="0" coveredconditionals="0" statements="0" coveredstatements="0" elements="0" coveredelements="0"/>
        </class>
        <metrics loc="8" ncloc="6" classes="0" methods="0" coveredmethods="0" conditionals="0" coveredconditionals="0" statements="0" coveredstatements="0" elements="0" coveredelements="0"/>
      </file>
    </package>
    <package name="Thinktomorrow\Url">
      <file name="/Users/philippedamen/projects/url/src/ParsedUrl.php">
        <class name="Thinktomorrow\Url\ParsedUrl" namespace="Thinktomorrow\Url">
          <metrics complexity="41" methods="20" coveredmethods="19" conditionals="0" coveredconditionals="0" statements="55" coveredstatements="54" elements="75" coveredelements="73"/>
        </class>
        <line num="27" type="method" name="__construct" visibility="public" complexity="7" crap="7" count="17"/>
        <line num="29" type="stmt" count="17"/>
        <line num="30" type="stmt" count="17"/>
        <line num="31" type="stmt" count="17"/>
        <line num="32" type="stmt" count="17"/>
        <line num="33" type="stmt" count="17"/>
        <line num="34" type="stmt" count="17"/>
        <line num="35" type="stmt" count="17"/>
        <line num="37" type="method" name="fromUrlString" visibility="public" complexity="1" crap="1" count="18"/>
        <line num="39" type="stmt" count="18"/>
        <line num="42" type="method" name="get" visibility="public" complexity="1" crap="1" count="11"/>
        <line num="44" type="stmt" count="11"/>
        <line num="47" type="method" name="replaceScheme" visibility="public" complexity="1" crap="1" count="6"/>
        <line num="49" type="stmt" count="6"/>
        <line num="50" type="stmt" count="6"/>
        <line num="51" type="stmt" count="6"/>
        <line num="52" type="stmt" count="6"/>
        <line num="53" type="stmt" count="6"/>
        <line num="54" type="stmt" count="6"/>
        <line num="55" type="stmt" count="6"/>
        <line num="59" type="method" name="replacePath" visibility="public" complexity="1" crap="1" count="9"/>
        <line num="61" type="stmt" count="9"/>
        <line num="62" type="stmt" count="9"/>
        <line num="63" type="stmt" count="9"/>
        <line num="64" type="stmt" count="9"/>
        <line num="66" type="stmt" count="9"/>
        <line num="67" type="stmt" count="9"/>
        <line num="71" type="method" name="parse" visibility="private" complexity="5" crap="5" count="18"/>
        <line num="75" type="stmt" count="18"/>
        <line num="76" type="stmt" count="1"/>
        <line num="79" type="stmt" count="18"/>
        <line num="81" type="stmt" count="18"/>
        <line num="82" type="stmt" count="1"/>
        <line num="87" type="stmt" count="17"/>
        <line num="90" type="stmt" count="17"/>
        <line num="91" type="stmt" count="17"/>
        <line num="92" type="stmt" count="17"/>
        <line num="93" type="stmt" count="17"/>
        <line num="94" type="stmt" count="17"/>
        <line num="95" type="stmt" count="17"/>
        <line num="99" type="method" name="reassembleUrl" visibility="private" complexity="4" crap="4" count="11"/>
        <line num="101" type="stmt" count="11"/>
        <line num="102" type="stmt" count="11"/>
        <line num="103" type="stmt" count="11"/>
        <line num="104" type="stmt" count="11"/>
        <line num="105" type="stmt" count="11"/>
        <line num="106" type="stmt" count="11"/>
        <line num="109" type="method" name="assembleScheme" visibility="private" complexity="3" crap="3" count="11"/>
        <line num="111" type="stmt" count="11"/>
        <line num="114" type="stmt" count="10"/>
        <line num="116" type="stmt" count="10"/>
        <line num="119" type="method" name="scheme" visibility="public" complexity="2" crap="2" count="10"/>
        <line num="121" type="stmt" count="10"/>
        <line num="124" type="method" name="host" visibility="public" complexity="2" crap="2" count="11"/>
        <line num="126" type="stmt" count="11"/>
        <line num="129" type="method" name="port" visibility="public" complexity="2" crap="2" count="11"/>
        <line num="131" type="stmt" count="11"/>
        <line num="134" type="method" name="path" visibility="public" complexity="2" crap="2" count="15"/>
        <line num="136" type="stmt" count="15"/>
        <line num="139" type="method" name="query" visibility="public" complexity="2" crap="2" count="11"/>
        <line num="141" type="stmt" count="11"/>
        <line num="144" type="method" name="hash" visibility="public" complexity="2" crap="2" count="11"/>
        <line num="146" type="stmt" count="11"/>
        <line num="149" type="method" name="hasScheme" visibility="public" complexity="1" crap="1" count="11"/>
        <line num="151" type="stmt" count="11"/>
        <line num="154" type="method" name="hasHost" visibility="public" complexity="1" crap="1" count="1"/>
        <line num="156" type="stmt" count="1"/>
        <line num="159" type="method" name="hasPort" visibility="public" complexity="1" crap="2.00" count="0"/>
        <line num="161" type="stmt" count="0"/>
        <line num="164" type="method" name="hasPath" visibility="public" complexity="1" crap="1" count="10"/>
        <line num="166" type="stmt" count="10"/>
        <line num="169" type="method" name="hasQuery" visibility="public" complexity="1" crap="1" count="4"/>
        <line num="171" type="stmt" count="4"/>
        <line num="174" type="method" name="hasHash" visibility="public" complexity="1" crap="1" count="4"/>
        <line num="176" type="stmt" count="4"/>
        <metrics loc="178" ncloc="162" classes="1" methods="20" coveredmethods="19" conditionals="0" coveredconditionals="0" statements="55" coveredstatements="54" elements="75" coveredelements="73"/>
      </file>
      <file name="/Users/philippedamen/projects/url/src/Root.php">
        <class name="Thinktomorrow\Url\Root" namespace="Thinktomorrow\Url">
          <metrics complexity="22" methods="10" coveredmethods="10" conditionals="0" coveredconditionals="0" statements="32" coveredstatements="32" elements="42" coveredelements="42"/>
        </class>
        <line num="19" type="method" name="__construct" visibility="private" complexity="2" crap="2" count="11"/>
        <line num="21" type="stmt" count="11"/>
        <line num="23" type="stmt" count="10"/>
        <line num="24" type="stmt" count="10"/>
        <line num="26" type="stmt" count="10"/>
        <line num="28" type="method" name="fromString" visibility="public" complexity="1" crap="1" count="11"/>
        <line num="30" type="stmt" count="11"/>
        <line num="33" type="method" name="get" visibility="public" complexity="4" crap="4" count="10"/>
        <line num="35" type="stmt" count="10"/>
        <line num="36" type="stmt" count="10"/>
        <line num="38" type="stmt" count="10"/>
        <line num="41" type="method" name="valid" visibility="public" complexity="1" crap="1" count="1"/>
        <line num="43" type="stmt" count="1"/>
        <line num="46" type="method" name="secure" visibility="public" complexity="1" crap="1" count="8"/>
        <line num="48" type="stmt" count="8"/>
        <line num="49" type="stmt" count="8"/>
        <line num="51" type="stmt" count="8"/>
        <line num="54" type="method" name="host" visibility="public" complexity="1" crap="1" count="4"/>
        <line num="56" type="stmt" count="4"/>
        <line num="59" type="method" name="scheme" visibility="public" complexity="2" crap="2" count="1"/>
        <line num="61" type="stmt" count="1"/>
        <line num="64" type="method" name="parse" visibility="private" complexity="6" crap="6" count="11"/>
        <line num="67" type="stmt" count="11"/>
        <line num="68" type="stmt" count="1"/>
        <line num="71" type="stmt" count="11"/>
        <line num="72" type="stmt" count="11"/>
        <line num="73" type="stmt" count="1"/>
        <line num="78" type="stmt" count="10"/>
        <line num="80" type="stmt" count="10"/>
        <line num="81" type="stmt" count="10"/>
        <line num="82" type="stmt" count="7"/>
        <line num="85" type="stmt" count="10"/>
        <line num="86" type="stmt" count="10"/>
        <line num="87" type="stmt" count="10"/>
        <line num="89" type="method" name="__toString" visibility="public" complexity="1" crap="1" count="1"/>
        <line num="91" type="stmt" count="1"/>
        <line num="94" type="method" name="parseHost" visibility="private" complexity="3" crap="3" count="10"/>
        <line num="96" type="stmt" count="10"/>
        <line num="97" type="stmt" count="8"/>
        <line num="100" type="stmt" count="6"/>
        <line num="101" type="stmt" count="1"/>
        <line num="102" type="stmt" count="6"/>
        <metrics loc="104" ncloc="98" classes="1" methods="10" coveredmethods="10" conditionals="0" coveredconditionals="0" statements="32" coveredstatements="32" elements="42" coveredelements="42"/>
      </file>
      <file name="/Users/philippedamen/projects/url/src/Url.php">
        <class name="Thinktomorrow\Url\Url" namespace="Thinktomorrow\Url">
          <metrics complexity="21" methods="12" coveredmethods="12" conditionals="0" coveredconditionals="0" statements="33" coveredstatements="33" elements="45" coveredelements="45"/>
        </class>
        <line num="14" type="method" name="__construct" visibility="private" complexity="1" crap="1" count="17"/>
        <line num="16" type="stmt" count="17"/>
        <line num="17" type="stmt" count="17"/>
        <line num="19" type="method" name="fromString" visibility="public" complexity="1" crap="1" count="18"/>
        <line num="21" type="stmt" count="18"/>
        <line num="24" type="method" name="setCustomRoot" visibility="public" complexity="1" crap="1" count="4"/>
        <line num="26" type="stmt" count="4"/>
        <line num="28" type="stmt" count="4"/>
        <line num="31" type="method" name="secure" visibility="public" complexity="1" crap="1" count="4"/>
        <line num="33" type="stmt" count="4"/>
        <line num="36" type="method" name="nonSecure" visibility="public" complexity="1" crap="1" count="2"/>
        <line num="38" type="stmt" count="2"/>
        <line num="41" type="method" name="scheme" visibility="private" complexity="2" crap="2" count="6"/>
        <line num="43" type="stmt" count="6"/>
        <line num="44" type="stmt" count="6"/>
        <line num="46" type="stmt" count="6"/>
        <line num="49" type="method" name="get" visibility="public" complexity="3" crap="3" count="15"/>
        <line num="51" type="stmt" count="15"/>
        <line num="52" type="stmt" count="4"/>
        <line num="53" type="stmt" count="2"/>
        <line num="57" type="stmt" count="4"/>
        <line num="59" type="stmt" count="4"/>
        <line num="62" type="stmt" count="11"/>
        <line num="65" type="method" name="isAbsolute" visibility="public" complexity="1" crap="1" count="1"/>
        <line num="67" type="stmt" count="1"/>
        <line num="70" type="method" name="localize" visibility="public" complexity="1" crap="1" count="9"/>
        <line num="72" type="stmt" count="9"/>
        <line num="73" type="stmt" count="9"/>
        <line num="76" type="stmt" count="9"/>
        <line num="78" type="stmt" count="9"/>
        <line num="81" type="method" name="delocalizePath" visibility="private" complexity="3" crap="3" count="9"/>
        <line num="83" type="stmt" count="9"/>
        <line num="84" type="stmt" count="3"/>
        <line num="87" type="stmt" count="9"/>
        <line num="90" type="stmt" count="9"/>
        <line num="91" type="stmt" count="1"/>
        <line num="94" type="stmt" count="9"/>
        <line num="97" type="method" name="__toString" visibility="public" complexity="1" crap="1" count="1"/>
        <line num="99" type="stmt" count="1"/>
        <line num="108" type="method" name="reassembleWithoutRoot" visibility="private" complexity="5" crap="5" count="4"/>
        <line num="114" type="stmt" count="4"/>
        <line num="115" type="stmt" count="4"/>
        <line num="116" type="stmt" count="4"/>
        <line num="119" type="stmt" count="4"/>
        <line num="120" type="stmt" count="4"/>
        <metrics loc="122" ncloc="107" classes="1" methods="12" coveredmethods="12" conditionals="0" coveredconditionals="0" statements="33" coveredstatements="33" elements="45" coveredelements="45"/>
      </file>
    </package>
    <metrics files="4" loc="412" ncloc="373" classes="3" methods="42" coveredmethods="41" conditionals="0" coveredconditionals="0" statements="120" coveredstatements="119" elements="162" coveredelements="160"/>
  </project>
</coverage>
