<?xml version="1.0" encoding="UTF-8"?>
<coverage generated="1558431400">
  <project timestamp="1558431400">
    <package name="Thinktomorrow\Url\Exceptions">
      <file name="/Users/philippedamen/projects/url/src/Exceptions/InvalidUrl.php">
        <class name="Thinktomorrow\Url\Exceptions\InvalidUrl" namespace="Thinktomorrow\Url\Exceptions">
          <metrics complexity="0" methods="0" coveredmethods="0" conditionals="0" coveredconditionals="0" statements="0" coveredstatements="0" elements="0" coveredelements="0"/>
        </class>
        <metrics loc="8" ncloc="6" classes="0" methods="0" coveredmethods="0" conditionals="0" coveredconditionals="0" statements="0" coveredstatements="0" elements="0" coveredelements="0"/>
      </file>
    </package>
    <package name="Thinktomorrow\Url">
      <file name="/Users/philippedamen/projects/url/src/Root.php">
        <class name="Thinktomorrow\Url\Root" namespace="Thinktomorrow\Url">
          <metrics complexity="22" methods="10" coveredmethods="10" conditionals="0" coveredconditionals="0" statements="32" coveredstatements="32" elements="42" coveredelements="42"/>
        </class>
        <line num="19" type="method" name="__construct" visibility="private" complexity="2" crap="2" count="10"/>
        <line num="21" type="stmt" count="10"/>
        <line num="23" type="stmt" count="9"/>
        <line num="24" type="stmt" count="9"/>
        <line num="26" type="stmt" count="9"/>
        <line num="28" type="method" name="fromString" visibility="public" complexity="1" crap="1" count="10"/>
        <line num="30" type="stmt" count="10"/>
        <line num="33" type="method" name="get" visibility="public" complexity="4" crap="4" count="9"/>
        <line num="35" type="stmt" count="9"/>
        <line num="36" type="stmt" count="9"/>
        <line num="38" type="stmt" count="9"/>
        <line num="41" type="method" name="valid" visibility="public" complexity="1" crap="1" count="1"/>
        <line num="43" type="stmt" count="1"/>
        <line num="46" type="method" name="secure" visibility="public" complexity="1" crap="1" count="7"/>
        <line num="48" type="stmt" count="7"/>
        <line num="49" type="stmt" count="7"/>
        <line num="51" type="stmt" count="7"/>
        <line num="54" type="method" name="host" visibility="public" complexity="1" crap="1" count="3"/>
        <line num="56" type="stmt" count="3"/>
        <line num="59" type="method" name="scheme" visibility="public" complexity="2" crap="2" count="1"/>
        <line num="61" type="stmt" count="1"/>
        <line num="64" type="method" name="parse" visibility="private" complexity="6" crap="6" count="10"/>
        <line num="67" type="stmt" count="10"/>
        <line num="68" type="stmt" count="1"/>
        <line num="71" type="stmt" count="10"/>
        <line num="72" type="stmt" count="10"/>
        <line num="73" type="stmt" count="1"/>
        <line num="78" type="stmt" count="9"/>
        <line num="80" type="stmt" count="9"/>
        <line num="81" type="stmt" count="9"/>
        <line num="82" type="stmt" count="7"/>
        <line num="85" type="stmt" count="9"/>
        <line num="86" type="stmt" count="9"/>
        <line num="87" type="stmt" count="9"/>
        <line num="89" type="method" name="__toString" visibility="public" complexity="1" crap="1" count="1"/>
        <line num="91" type="stmt" count="1"/>
        <line num="94" type="method" name="parseHost" visibility="private" complexity="3" crap="3" count="9"/>
        <line num="96" type="stmt" count="9"/>
        <line num="97" type="stmt" count="7"/>
        <line num="100" type="stmt" count="6"/>
        <line num="101" type="stmt" count="1"/>
        <line num="102" type="stmt" count="6"/>
        <metrics loc="104" ncloc="98" classes="1" methods="10" coveredmethods="10" conditionals="0" coveredconditionals="0" statements="32" coveredstatements="32" elements="42" coveredelements="42"/>
      </file>
      <file name="/Users/philippedamen/projects/url/src/Url.php">
        <class name="Thinktomorrow\Url\Url" namespace="Thinktomorrow\Url">
          <metrics complexity="38" methods="14" coveredmethods="14" conditionals="0" coveredconditionals="0" statements="58" coveredstatements="58" elements="72" coveredelements="72"/>
        </class>
        <line num="22" type="method" name="__construct" visibility="private" complexity="1" crap="1" count="18"/>
        <line num="24" type="stmt" count="18"/>
        <line num="25" type="stmt" count="17"/>
        <line num="27" type="method" name="fromString" visibility="public" complexity="1" crap="1" count="18"/>
        <line num="29" type="stmt" count="18"/>
        <line num="32" type="method" name="setCustomRoot" visibility="public" complexity="1" crap="1" count="3"/>
        <line num="34" type="stmt" count="3"/>
        <line num="36" type="stmt" count="3"/>
        <line num="39" type="method" name="secure" visibility="public" complexity="1" crap="1" count="3"/>
        <line num="41" type="stmt" count="3"/>
        <line num="44" type="method" name="scheme" visibility="public" complexity="1" crap="1" count="6"/>
        <line num="46" type="stmt" count="6"/>
        <line num="47" type="stmt" count="6"/>
        <line num="49" type="stmt" count="6"/>
        <line num="52" type="method" name="get" visibility="public" complexity="4" crap="4" count="15"/>
        <line num="54" type="stmt" count="15"/>
        <line num="55" type="stmt" count="3"/>
        <line num="56" type="stmt" count="1"/>
        <line num="60" type="stmt" count="3"/>
        <line num="62" type="stmt" count="3"/>
        <line num="63" type="stmt" count="1"/>
        <line num="66" type="stmt" count="3"/>
        <line num="69" type="stmt" count="12"/>
        <line num="72" type="method" name="isAbsolute" visibility="public" complexity="1" crap="1" count="1"/>
        <line num="74" type="stmt" count="1"/>
        <line num="77" type="method" name="localize" visibility="public" complexity="1" crap="1" count="8"/>
        <line num="79" type="stmt" count="8"/>
        <line num="80" type="stmt" count="8"/>
        <line num="81" type="stmt" count="8"/>
        <line num="82" type="stmt" count="8"/>
        <line num="87" type="stmt" count="8"/>
        <line num="90" type="method" name="delocalizePath" visibility="private" complexity="3" crap="3" count="8"/>
        <line num="92" type="stmt" count="8"/>
        <line num="93" type="stmt" count="2"/>
        <line num="96" type="stmt" count="8"/>
        <line num="99" type="stmt" count="8"/>
        <line num="100" type="stmt" count="1"/>
        <line num="103" type="stmt" count="8"/>
        <line num="106" type="method" name="parse" visibility="private" complexity="5" crap="5" count="18"/>
        <line num="109" type="stmt" count="18"/>
        <line num="110" type="stmt" count="1"/>
        <line num="113" type="stmt" count="18"/>
        <line num="115" type="stmt" count="18"/>
        <line num="116" type="stmt" count="1"/>
        <line num="121" type="stmt" count="17"/>
        <line num="123" type="stmt" count="17"/>
        <line num="124" type="stmt" count="13"/>
        <line num="125" type="stmt" count="10"/>
        <line num="126" type="stmt" count="17"/>
        <line num="128" type="method" name="__toString" visibility="public" complexity="1" crap="1" count="1"/>
        <line num="130" type="stmt" count="1"/>
        <line num="133" type="method" name="reassemble" visibility="private" complexity="8" crap="8" count="12"/>
        <line num="136" type="stmt" count="12"/>
        <line num="137" type="stmt" count="12"/>
        <line num="138" type="stmt" count="12"/>
        <line num="139" type="stmt" count="12"/>
        <line num="140" type="stmt" count="12"/>
        <line num="141" type="stmt" count="12"/>
        <line num="142" type="stmt" count="12"/>
        <line num="151" type="method" name="reassembleWithoutRoot" visibility="private" complexity="5" crap="5" count="3"/>
        <line num="157" type="stmt" count="3"/>
        <line num="158" type="stmt" count="3"/>
        <line num="159" type="stmt" count="3"/>
        <line num="162" type="stmt" count="3"/>
        <line num="163" type="stmt" count="3"/>
        <line num="166" type="method" name="assembleScheme" visibility="private" complexity="5" crap="5" count="12"/>
        <line num="168" type="stmt" count="12"/>
        <line num="169" type="stmt" count="9"/>
        <line num="170" type="stmt" count="12"/>
        <line num="173" type="stmt" count="12"/>
        <line num="174" type="stmt" count="7"/>
        <line num="177" type="stmt" count="5"/>
        <metrics loc="179" ncloc="153" classes="1" methods="14" coveredmethods="14" conditionals="0" coveredconditionals="0" statements="58" coveredstatements="58" elements="72" coveredelements="72"/>
      </file>
    </package>
    <metrics files="3" loc="291" ncloc="257" classes="2" methods="24" coveredmethods="24" conditionals="0" coveredconditionals="0" statements="90" coveredstatements="90" elements="114" coveredelements="114"/>
  </project>
</coverage>
